VR/VRTestEnvironment/Temp/gradleOut/launcher/build/outputs/logs/manifest-merger-release-report.txt
-- Merging decision tree log ---
manifest
ADDED from src\main\AndroidManifest.xml:3:1-6:12
INJECTED from src\main\AndroidManifest.xml:3:1-6:12
INJECTED from src\main\AndroidManifest.xml:3:1-6:12
INJECTED from src\main\AndroidManifest.xml:3:1-6:12
MERGED from [:unityLibrary] AndroidManifest.xml:3:1-72:12
MERGED from [:OVRPlugin:] AndroidManifest.xml:2:1-4:12
INJECTED from src\main\AndroidManifest.xml:3:1-6:12
INJECTED from src\main\AndroidManifest.xml:3:1-6:12
INJECTED from src\main\AndroidManifest.xml:3:1-6:12
	package
		ADDED from src\main\AndroidManifest.xml:3:70-102
		INJECTED from src\main\AndroidManifest.xml
		INJECTED from src\main\AndroidManifest.xml
	android:versionName
		INJECTED from src\main\AndroidManifest.xml
		ADDED from src\main\AndroidManifest.xml:3:1-6:12
		INJECTED from src\main\AndroidManifest.xml
	xmlns:tools
		ADDED from src\main\AndroidManifest.xml:3:103-149
	android:versionCode
		INJECTED from src\main\AndroidManifest.xml
		ADDED from src\main\AndroidManifest.xml:3:1-6:12
		INJECTED from src\main\AndroidManifest.xml
	xmlns:android
		ADDED from src\main\AndroidManifest.xml:3:11-69
	android:installLocation
		ADDED from src\main\AndroidManifest.xml:3:150-180
supports-screens
ADDED from src\main\AndroidManifest.xml:4:3-163
	android:largeScreens
		ADDED from src\main\AndroidManifest.xml:4:78-105
	android:smallScreens
		ADDED from src\main\AndroidManifest.xml:4:21-48
	android:normalScreens
		ADDED from src\main\AndroidManifest.xml:4:49-77
	android:xlargeScreens
		ADDED from src\main\AndroidManifest.xml:4:106-134
	android:anyDensity
		ADDED from src\main\AndroidManifest.xml:4:135-160
application
ADDED from src\main\AndroidManifest.xml:5:3-83
MERGED from [:unityLibrary] AndroidManifest.xml:26:5-70:19
MERGED from [:unityLibrary] AndroidManifest.xml:26:5-70:19
	android:label
		ADDED from src\main\AndroidManifest.xml:5:16-48
	android:allowBackup
		ADDED from [:unityLibrary] AndroidManifest.xml:27:9-36
	android:icon
		ADDED from src\main\AndroidManifest.xml:5:49-80
	android:networkSecurityConfig
		ADDED from [:unityLibrary] AndroidManifest.xml:30:9-64
uses-sdk
INJECTED from src\main\AndroidManifest.xml reason: use-sdk injection requested
INJECTED from src\main\AndroidManifest.xml
INJECTED from src\main\AndroidManifest.xml
MERGED from [:unityLibrary] AndroidManifest.xml:10:5-12:41
MERGED from [:unityLibrary] AndroidManifest.xml:10:5-12:41
MERGED from [:OVRPlugin:] AndroidManifest.xml:3:3-45
MERGED from [:OVRPlugin:] AndroidManifest.xml:3:3-45
INJECTED from src\main\AndroidManifest.xml
INJECTED from src\main\AndroidManifest.xml
	android:targetSdkVersion
		INJECTED from src\main\AndroidManifest.xml
		ADDED from src\main\AndroidManifest.xml
		INJECTED from src\main\AndroidManifest.xml
	android:minSdkVersion
		INJECTED from src\main\AndroidManifest.xml
		ADDED from src\main\AndroidManifest.xml
		MERGED from src\main\AndroidManifest.xml
		INJECTED from src\main\AndroidManifest.xml
supports-gl-texture#GL_KHR_texture_compression_astc_ldr
ADDED from [:unityLibrary] AndroidManifest.xml:14:5-79
	android:name
		ADDED from [:unityLibrary] AndroidManifest.xml:14:26-76
uses-permission#android.permission.INTERNET
ADDED from [:unityLibrary] AndroidManifest.xml:16:5-67
	android:name
		ADDED from [:unityLibrary] AndroidManifest.xml:16:22-64
uses-permission#android.permission.RECORD_AUDIO
ADDED from [:unityLibrary] AndroidManifest.xml:17:5-71
	android:name
		ADDED from [:unityLibrary] AndroidManifest.xml:17:22-68
uses-permission#android.permission.MODIFY_AUDIO_SETTINGS
ADDED from [:unityLibrary] AndroidManifest.xml:18:5-80
	android:name
		ADDED from [:unityLibrary] AndroidManifest.xml:18:22-77
uses-permission#android.permission.BLUETOOTH
ADDED from [:unityLibrary] AndroidManifest.xml:19:5-68
	android:name
		ADDED from [:unityLibrary] AndroidManifest.xml:19:22-65
uses-feature#android.hardware.vr.headtracking
ADDED from [:unityLibrary] AndroidManifest.xml:21:5-24:31
	android:version
		ADDED from [:unityLibrary] AndroidManifest.xml:24:9-28
	android:required
		ADDED from [:unityLibrary] AndroidManifest.xml:23:9-32
	android:name
		ADDED from [:unityLibrary] AndroidManifest.xml:22:9-56
activity#com.unity3d.player.UnityPlayerActivity
ADDED from [:unityLibrary] AndroidManifest.xml:31:9-53:20
	android:screenOrientation
		ADDED from [:unityLibrary] AndroidManifest.xml:36:13-50
	android:launchMode
		ADDED from [:unityLibrary] AndroidManifest.xml:35:13-44
	android:hardwareAccelerated
		ADDED from [:unityLibrary] AndroidManifest.xml:34:13-48
	android:configChanges
		ADDED from [:unityLibrary] AndroidManifest.xml:33:13-114
	android:theme
		ADDED from [:unityLibrary] AndroidManifest.xml:37:13-77
	android:name
		ADDED from [:unityLibrary] AndroidManifest.xml:32:13-66
intent-filter#action:name:android.intent.action.MAIN+category:name:android.intent.category.INFO
ADDED from [:unityLibrary] AndroidManifest.xml:38:13-42:29
action#android.intent.action.MAIN
ADDED from [:unityLibrary] AndroidManifest.xml:39:17-69
	android:name
		ADDED from [:unityLibrary] AndroidManifest.xml:39:25-66
category#android.intent.category.INFO
ADDED from [:unityLibrary] AndroidManifest.xml:41:17-73
	android:name
		ADDED from [:unityLibrary] AndroidManifest.xml:41:27-70
meta-data#unityplayer.UnityActivity
ADDED from [:unityLibrary] AndroidManifest.xml:44:13-46:40
	android:value
		ADDED from [:unityLibrary] AndroidManifest.xml:46:17-37
	android:name
		ADDED from [:unityLibrary] AndroidManifest.xml:45:17-57
meta-data#android.notch_support
ADDED from [:unityLibrary] AndroidManifest.xml:47:13-49:40
	android:value
		ADDED from [:unityLibrary] AndroidManifest.xml:49:17-37
	android:name
		ADDED from [:unityLibrary] AndroidManifest.xml:48:17-53
meta-data#com.oculus.vr.focusaware
ADDED from [:unityLibrary] AndroidManifest.xml:50:13-52:41
	android:value
		ADDED from [:unityLibrary] AndroidManifest.xml:52:17-38
	android:name
		ADDED from [:unityLibrary] AndroidManifest.xml:51:17-56
meta-data#unity.splash-mode
ADDED from [:unityLibrary] AndroidManifest.xml:55:9-57:33
	android:value
		ADDED from [:unityLibrary] AndroidManifest.xml:57:13-30
	android:name
		ADDED from [:unityLibrary] AndroidManifest.xml:56:13-45
meta-data#unity.splash-enable
ADDED from [:unityLibrary] AndroidManifest.xml:58:9-60:37
	android:value
		ADDED from [:unityLibrary] AndroidManifest.xml:60:13-34
	android:name
		ADDED from [:unityLibrary] AndroidManifest.xml:59:13-47
meta-data#notch.config
ADDED from [:unityLibrary] AndroidManifest.xml:61:9-63:50
	android:value
		ADDED from [:unityLibrary] AndroidManifest.xml:63:13-47
	android:name
		ADDED from [:unityLibrary] AndroidManifest.xml:62:13-40
meta-data#unity.build-id
ADDED from [:unityLibrary] AndroidManifest.xml:64:9-66:68
	android:value
		ADDED from [:unityLibrary] AndroidManifest.xml:66:13-65
	android:name
		ADDED from [:unityLibrary] AndroidManifest.xml:65:13-42
meta-data#com.samsung.android.vr.application.mode
ADDED from [:unityLibrary] AndroidManifest.xml:67:9-69:39
	android:value
		ADDED from [:unityLibrary] AndroidManifest.xml:69:13-36
	android:name
		ADDED from [:unityLibrary] AndroidManifest.xml:68:13-67